[22:55:43.344] main:1139 Starting squeeze2cast version: v0.2.10.0.1 (Aug 13 2017 @ 21:41:00)
[22:55:43.633] Initialize:802 UPnP init success - 192.168.2.10:49152
[22:55:58.900] AddCastDevice:891 [00493AE4]: adding renderer (ChromecastAudio0185)
[22:55:58.911] sq_run_device:1153 Buffer path C:\Users\PHILIP~1\AppData\Local\Temp\
[22:55:58.974] discover_server:780 [004AA610] sending discovery
[22:55:58.984] discover_server:809 [004AA610] got response from: 192.168.2.10:3483
[22:55:58.984] slimproto:835 squeezelite [004AA610] <=> player [00493AE4]
[22:55:58.984] slimproto:836 [004AA610] connecting to 192.168.2.10:3483
[22:55:58.998] slimproto:867 [004AA610] connected
[22:55:58.998] sendHELO:109 [004AA610] mac: cc:cc:09:f3:3a:d0
[22:55:58.998] sendHELO:110 [004AA610] cap: Model=squeezelite,ModelName=SqueezeLite,AccuratePlayPoints=0,HasDigitalOut=0,MaxSampleRate=96000,pcm,aif,flc,mp3
[22:55:58.999] process:528 [004AA610] strm
[22:55:58.999] process_strm:219 [004AA610] strm command q
[22:55:59.017] process:528 [004AA610] audg
[22:55:59.017] process_audg:436 [004AA610] (old) audg gainL: 5 gainR: 5
[22:55:59.020] process:528 [004AA610] strm
[22:55:59.020] process_strm:216 [004AA610] strm command s
[22:55:59.020] process_strm:290 [004AA610], strm s autostart: 1 transition period: 10 transition type: 0 codec: p
[22:55:59.020] sendSTAT:143 [004AA610]: STAT:[STMf] msplayed 0
[22:55:59.020] sendSTAT:145 [004AA610] STAT: STMf
[22:55:59.020] sendSTAT:143 [004AA610]: STAT:[STMn] msplayed 0
[22:55:59.020] sendSTAT:145 [004AA610] STAT: STMn
[22:55:59.020] sendSTAT:143 [004AA610]: STAT:[STMc] msplayed 0
[22:55:59.020] sendSTAT:145 [004AA610] STAT: STMc
[22:55:59.020] process:528 [004AA610] audg
[22:55:59.020] process_audg:436 [004AA610] (old) audg gainL: 5 gainR: 5
[22:55:59.020] process:528 [004AA610] setd
[22:55:59.020] sendSETDName:204 set playername: ChromecastAudio0185
[22:55:59.020] process:528 [004AA610] setd
[22:55:59.020] process:528 [004AA610] aude
[22:55:59.021] process_aude:422 [004AA610] on/off using aude 1
[22:55:59.021] sq_callback:232 [00493AE4]: device set ON
[22:55:59.151] CastConnect:369 [00493AE4]: SSL connection opened [0056ED40]
[22:55:59.151] SendCastMessage:238 [0056ED40]: Cast sending: {"type":"CONNECT"}
[22:55:59.151] process:528 [004AA610] audg
[22:55:59.151] process_audg:436 [004AA610] (old) audg gainL: 5 gainR: 5
[22:55:59.151] sq_callback:354 Volume 11
[22:56:03.000] process:528 [004AA610] strm
[22:56:03.000] process_strm:219 [004AA610] strm command t
[22:56:03.000] sendSTAT:145 [004AA610] STAT: STMt
[22:56:08.000] process:528 [004AA610] strm
[22:56:08.000] process_strm:219 [004AA610] strm command t
[22:56:08.000] sendSTAT:145 [004AA610] STAT: STMt
[22:56:08.318] process:528 [004AA610] strm
[22:56:08.318] process_strm:219 [004AA610] strm command q
[22:56:08.318] CastStop:265 [00493AE4]: Stop w/o session or connect
[22:56:08.334] process:528 [004AA610] audg
[22:56:08.334] process_audg:436 [004AA610] (old) audg gainL: 5 gainR: 5
[22:56:08.334] sq_callback:354 Volume 11
[22:56:08.335] process:528 [004AA610] strm
[22:56:08.335] process_strm:216 [004AA610] strm command s
[22:56:08.335] process_strm:290 [004AA610], strm s autostart: 1 transition period: 10 transition type: 0 codec: p
[22:56:08.335] sendSTAT:143 [004AA610]: STAT:[STMf] msplayed 0
[22:56:08.335] sendSTAT:145 [004AA610] STAT: STMf
[22:56:08.336] sq_callback:259 [00493AE4]: codec:p, ch:2, s:16, r:44100
[22:56:08.336] cli_open_socket:216 [004AA610]: opened CLI socket 996
[22:56:08.386] sq_get_metadata:583 [004AA610]: idx 5
	artist:Bénabar
	album:Inspiré De Faits Réels
	title:Les Râteaux (Version acoustique)
	genre:Variété française
	duration:227.120
	size:0
	cover:http://192.168.2.10:9000/music/aed13201/cover.jpg
[22:56:08.386] SendCastMessage:238 [0056ED40]: Cast sending: {"type":"LAUNCH","requestId":1,"appId":"CC1AD845"}
[22:56:08.386] LaunchReceiver:314 [00493AE4]: Launching receiver 1
[22:56:08.386] CastLoad:148 [00493AE4]: Queuing LOAD
[22:56:08.386] sq_callback:302 [00493AE4]: current URI set http://192.168.2.10:49152/LMS2CAST/cc-cc-09-f3-3a-d0-idx-0.wav
[22:56:08.386] sendSTAT:143 [004AA610]: STAT:[STMc] msplayed 0
[22:56:08.386] sendSTAT:145 [004AA610] STAT: STMc
[22:56:08.386] process:528 [004AA610] audg
[22:56:08.386] process_audg:436 [004AA610] (old) audg gainL: 5 gainR: 5
[22:56:08.386] sq_callback:354 Volume 11
[22:56:08.388] sendRESP:174 RESP
[22:56:08.402] SendCastMessage:238 [0056ED40]: Cast sending: {"type":"SET_VOLUME","requestId":2,"volume":{"level":0.1100}}
[22:56:08.402] SendCastMessage:238 [0056ED40]: Cast sending: {"type":"SET_VOLUME","requestId":3,"volume":{"muted":false}}
[22:56:08.402] CastSimple:180 [00493AE4]: Queuing PLAY
[22:56:08.516] CastSocketThread:716 [00493AE4]: type:RECEIVER_STATUS (id:0)
[22:56:09.007] CastSocketThread:716 [00493AE4]: type:RECEIVER_STATUS (id:1)
[22:56:09.007] CastSocketThread:773 [00493AE4]: Receiver launched
[22:56:09.007] SendCastMessage:238 [0056ED40]: Cast sending: {"type":"CONNECT","origin":{}}
[22:56:09.007] ProcessQueue:595 [00493AE4]: Processing LOAD (id:4)
[22:56:09.007] SendCastMessage:238 [0056ED40]: Cast sending: {
 "type": "LOAD",
 "requestId": 4,
 "media": {
  "contentId": "http://192.168.2.10:49152/LMS2CAST/cc-cc-09-f3-3a-d0-idx-0.wav",
  "contentType": "audio/wav",
  "streamType": "BUFFERED",
  "metadata": {
   "metadataType": 3,
   "albumArtist": "Bénabar",
   "albumName": "Inspiré De Faits Réels",
   "title": "Les Râteaux (Version acoustique)",
   "images": [
    {
     "url": "http://192.168.2.10:9000/music/aed13201/cover.jpg"
    }
   ],
   "artist": "Bénabar",
   "trackNumber": 15
  }
 },
 "currentTime": 0.0,
 "sessionId": "879abc05-c1b3-4022-8cc5-8ca69e2223b8",
 "autoplay": false
}
[22:56:09.022] CastSocketThread:713 [00493AE4]: type:MEDIA_STATUS (id:0) (null)
[22:56:09.058] CastSocketThread:713 [00493AE4]: type:MEDIA_STATUS (id:0) IDLE
[22:56:09.093] sq_get_info:691 [004AA610]: GetInfo /LMS2CAST/cc-cc-09-f3-3a-d0-idx-0.wav -2 audio/wav
[22:56:09.097] sq_open:758 [004AA610]: open
[22:56:09.097] sq_seek:867 [004AA610]: seek 0 (c:0)
[22:56:09.098] sq_read:942 [004AA610]: read 1048576 (a:1048576 r:1048576 w:1200)
[22:56:09.098] sq_read:942 [004AA610]: read 1048576 (a:1048576 r:1048576 w:1200)
[22:56:09.336] CastSocketThread:713 [00493AE4]: type:MEDIA_STATUS (id:0) PAUSED
[22:56:09.626] sendDSCO:161 DSCO: 0
[22:56:09.626] process:528 [004AA610] strm
[22:56:09.626] process_strm:216 [004AA610] strm command u
[22:56:09.626] process_strm:262 [004AA610] unpause at: 0 now: 117929486
[22:56:09.626] sendSTAT:143 [004AA610]: STAT:[STMr] msplayed 0
[22:56:09.626] sendSTAT:145 [004AA610] STAT: STMr
[22:56:09.692] CastSocketThread:716 [00493AE4]: type:RECEIVER_STATUS (id:2)
[22:56:09.692] CastSocketThread:716 [00493AE4]: type:RECEIVER_STATUS (id:3)
[22:56:09.950] CastSocketThread:716 [00493AE4]: type:RECEIVER_STATUS (id:0)
[22:56:09.950] CastSocketThread:713 [00493AE4]: type:MEDIA_STATUS (id:4) PAUSED
[22:56:09.950] CastSocketThread:788 [00493AE4]: Media session id 1
[22:56:09.951] SendCastMessage:238 [0056ED40]: Cast sending: {"type":"SET_VOLUME","requestId":5,"mediaSessionId":1,"volume":{"level":0.5000,"muted":false}}
[22:56:09.952] sq_read:942 [004AA610]: read 1048576 (a:1048576 r:1048576 w:1200)
[22:56:10.062] CastSocketThread:713 [00493AE4]: type:MEDIA_STATUS (id:5) PAUSED
[22:56:10.062] ProcessQueue:576 [00493AE4]: Processing PLAY (id:6)
[22:56:10.062] SendCastMessage:238 [0056ED40]: Cast sending: {"type":"PLAY","requestId":6,"mediaSessionId":1}
[22:56:10.194] CastSocketThread:713 [00493AE4]: type:MEDIA_STATUS (id:6) BUFFERING
[22:56:10.195] SyncNotifState:425 [00493AE4]: Cast playing
[22:56:10.195] sq_notify:1033 [004AA610] playing notif
[22:56:10.195] sendSTAT:143 [004AA610]: STAT:[STMs] msplayed 0
[22:56:10.195] sendSTAT:145 [004AA610] STAT: STMs
[22:56:10.195] sendSTAT:145 [004AA610] STAT: STMt
[22:56:10.347] sq_read:942 [004AA610]: read 1048576 (a:1048576 r:1048576 w:1200)
[22:56:10.780] sq_read:942 [004AA610]: read 1048576 (a:1048576 r:1048576 w:1200)
[22:56:11.169] CastSocketThread:713 [00493AE4]: type:MEDIA_STATUS (id:0) PLAYING
[22:56:11.169] SendCastMessage:238 [0056ED40]: Cast sending: {"type":"GET_STATUS","requestId":7,"mediaSessionId":1}
[22:56:11.350] CastSocketThread:713 [00493AE4]: type:MEDIA_STATUS (id:7) PLAYING
[22:56:11.507] sq_read:942 [004AA610]: read 1048576 (a:1048576 r:1048576 w:1200)
[22:56:12.195] sendSTAT:145 [004AA610] STAT: STMt
[22:56:12.252] sq_read:942 [004AA610]: read 1048576 (a:1048576 r:1048576 w:1200)
[22:56:12.350] SendCastMessage:238 [0056ED40]: Cast sending: {"type":"GET_STATUS","requestId":8,"mediaSessionId":1}
[22:56:12.406] CastSocketThread:713 [00493AE4]: type:MEDIA_STATUS (id:8) PLAYING
[22:56:13.000] process:528 [004AA610] strm
[22:56:13.000] process_strm:219 [004AA610] strm command t
[22:56:13.000] sendSTAT:145 [004AA610] STAT: STMt
[22:56:13.420] SendCastMessage:238 [0056ED40]: Cast sending: {"type":"GET_STATUS","requestId":9,"mediaSessionId":1}
[22:56:13.467] CastSocketThread:713 [00493AE4]: type:MEDIA_STATUS (id:9) PLAYING
[22:56:14.000] sendSTAT:145 [004AA610] STAT: STMt
[22:56:14.467] SendCastMessage:238 [0056ED40]: Cast sending: {"type":"GET_STATUS","requestId":10,"mediaSessionId":1}
[22:56:14.528] CastSocketThread:713 [00493AE4]: type:MEDIA_STATUS (id:10) PLAYING
[22:56:15.528] SendCastMessage:238 [0056ED40]: Cast sending: {"type":"GET_STATUS","requestId":11,"mediaSessionId":1}
[22:56:15.609] CastSocketThread:713 [00493AE4]: type:MEDIA_STATUS (id:11) PLAYING
[22:56:16.000] sendSTAT:145 [004AA610] STAT: STMt
[22:56:16.125] process:528 [004AA610] audg
[22:56:16.125] process_audg:436 [004AA610] (old) audg gainL: 5 gainR: 5
[22:56:16.125] sq_callback:354 Volume 11
[22:56:16.125] SendCastMessage:238 [0056ED40]: Cast sending: {"type":"SET_VOLUME","requestId":12,"volume":{"level":0.1100}}
[22:56:16.125] SendCastMessage:238 [0056ED40]: Cast sending: {"type":"SET_VOLUME","requestId":13,"volume":{"muted":false}}
[22:56:16.610] SendCastMessage:238 [0056ED40]: Cast sending: {"type":"GET_STATUS","requestId":14,"mediaSessionId":1}
[22:56:16.629] CastSocketThread:713 [00493AE4]: type:MEDIA_STATUS (id:14) PLAYING
[22:56:17.126] sendSTAT:145 [004AA610] STAT: STMt
[22:56:17.179] CastSocketThread:716 [00493AE4]: type:RECEIVER_STATUS (id:12)
[22:56:17.181] CastSocketThread:716 [00493AE4]: type:RECEIVER_STATUS (id:13)
[22:56:17.681] SendCastMessage:238 [0056ED40]: Cast sending: {"type":"GET_STATUS","requestId":15,"mediaSessionId":1}
[22:56:17.727] CastSocketThread:713 [00493AE4]: type:MEDIA_STATUS (id:15) PLAYING
[22:56:17.910] process:528 [004AA610] strm
[22:56:17.910] process_strm:219 [004AA610] strm command q
[22:56:17.914] SendCastMessage:238 [0056ED40]: Cast sending: {"type":"STOP","requestId":16,"mediaSessionId":1}
[22:56:17.926] process:528 [004AA610] audg
[22:56:17.926] process_audg:436 [004AA610] (old) audg gainL: 5 gainR: 5
[22:56:17.926] sq_callback:354 Volume 11
[22:56:17.928] process:528 [004AA610] strm
[22:56:17.928] process_strm:216 [004AA610] strm command s
[22:56:17.928] process_strm:290 [004AA610], strm s autostart: 1 transition period: 10 transition type: 0 codec: p
[22:56:17.928] sendSTAT:143 [004AA610]: STAT:[STMf] msplayed 0
[22:56:17.928] sendSTAT:145 [004AA610] STAT: STMf
[22:56:17.928] sq_callback:259 [00493AE4]: codec:p, ch:2, s:16, r:44100
[22:56:17.978] sq_get_metadata:583 [004AA610]: idx 6
	artist:Bénabar
	album:Inspiré De Faits Réels
	title:Coming In
	genre:Variété française
	duration:160.826
	size:0
	cover:http://192.168.2.10:9000/music/aed13201/cover.jpg
[22:56:17.978] CastLoad:148 [00493AE4]: Queuing LOAD
[22:56:17.978] sq_callback:302 [00493AE4]: current URI set http://192.168.2.10:49152/LMS2CAST/cc-cc-09-f3-3a-d0-idx-1.wav
[22:56:17.978] sendSTAT:143 [004AA610]: STAT:[STMc] msplayed 0
[22:56:17.978] sendSTAT:145 [004AA610] STAT: STMc
[22:56:17.978] process:528 [004AA610] audg
[22:56:17.978] process_audg:436 [004AA610] (old) audg gainL: 5 gainR: 5
[22:56:17.978] sq_callback:354 Volume 11
[22:56:18.000] process:528 [004AA610] strm
[22:56:18.000] process_strm:219 [004AA610] strm command t
[22:56:18.000] sendSTAT:145 [004AA610] STAT: STMt
[22:56:18.030] sendRESP:174 RESP
[22:56:18.044] SendCastMessage:238 [0056ED40]: Cast sending: {"type":"SET_VOLUME","requestId":17,"volume":{"level":0.1100}}
[22:56:18.044] SendCastMessage:238 [0056ED40]: Cast sending: {"type":"SET_VOLUME","requestId":18,"volume":{"muted":false}}
[22:56:18.044] CastSimple:180 [00493AE4]: Queuing PLAY
[22:56:18.702] sq_read:942 [004AA610]: read 1048576 (a:1048576 r:0 w:1200)
[22:56:18.702] sq_read:990 [004AA610]: read (end of track) w:1200
[22:56:18.756] CastSocketThread:716 [00493AE4]: type:RECEIVER_STATUS (id:0)
[22:56:18.770] sq_close:836 [004AA610]: read total:7340032
[22:56:18.770] CastSocketThread:713 [00493AE4]: type:MEDIA_STATUS (id:16) IDLE
[22:56:18.770] ProcessQueue:595 [00493AE4]: Processing LOAD (id:19)
[22:56:18.770] SendCastMessage:238 [0056ED40]: Cast sending: {
 "type": "LOAD",
 "requestId": 19,
 "media": {
  "contentId": "http://192.168.2.10:49152/LMS2CAST/cc-cc-09-f3-3a-d0-idx-1.wav",
  "contentType": "audio/wav",
  "streamType": "BUFFERED",
  "metadata": {
   "metadataType": 3,
   "albumArtist": "Bénabar",
   "albumName": "Inspiré De Faits Réels",
   "title": "Coming In",
   "images": [
    {
     "url": "http://192.168.2.10:9000/music/aed13201/cover.jpg"
    }
   ],
   "artist": "Bénabar",
   "trackNumber": 8
  }
 },
 "currentTime": 0.0,
 "sessionId": "879abc05-c1b3-4022-8cc5-8ca69e2223b8",
 "autoplay": false
}
[22:56:18.771] SyncNotifState:395 [00493AE4]: Cast stop
[22:56:18.771] sq_notify:1058 [004AA610] notify STOP
[22:56:18.791] CastSocketThread:713 [00493AE4]: type:MEDIA_STATUS (id:0) IDLE
[22:56:18.808] sq_get_info:691 [004AA610]: GetInfo /LMS2CAST/cc-cc-09-f3-3a-d0-idx-1.wav -2 audio/wav
[22:56:18.811] sq_open:758 [004AA610]: open
[22:56:18.811] sq_seek:867 [004AA610]: seek 0 (c:0)
[22:56:18.812] sq_read:942 [004AA610]: read 1048576 (a:1048576 r:1048576 w:1200)
[22:56:18.813] sq_read:942 [004AA610]: read 1048576 (a:1048576 r:1048576 w:1200)
[22:56:18.906] CastSocketThread:713 [00493AE4]: type:MEDIA_STATUS (id:0) PAUSED
[22:56:18.958] sendDSCO:161 DSCO: 0
[22:56:18.958] process:528 [004AA610] strm
[22:56:18.958] process_strm:216 [004AA610] strm command u
[22:56:18.958] process_strm:262 [004AA610] unpause at: 0 now: 117938830
[22:56:18.958] sendSTAT:143 [004AA610]: STAT:[STMr] msplayed 0
[22:56:18.958] sendSTAT:145 [004AA610] STAT: STMr
[22:56:19.071] CastSocketThread:716 [00493AE4]: type:RECEIVER_STATUS (id:17)
[22:56:19.071] CastSocketThread:716 [00493AE4]: type:RECEIVER_STATUS (id:18)
[22:56:19.273] sq_read:942 [004AA610]: read 1048576 (a:1048576 r:1048576 w:1200)
[22:56:19.611] CastSocketThread:716 [00493AE4]: type:RECEIVER_STATUS (id:0)
[22:56:19.614] CastSocketThread:713 [00493AE4]: type:MEDIA_STATUS (id:19) PAUSED
[22:56:19.614] CastSocketThread:788 [00493AE4]: Media session id 2
[22:56:19.614] SendCastMessage:238 [0056ED40]: Cast sending: {"type":"SET_VOLUME","requestId":20,"mediaSessionId":2,"volume":{"level":0.5000,"muted":false}}
[22:56:19.670] process:528 [004AA610] audg
[22:56:19.670] process_audg:436 [004AA610] (old) audg gainL: 12 gainR: 12
[22:56:19.670] sq_callback:354 Volume 20
[22:56:19.670] SendCastMessage:238 [0056ED40]: Cast sending: {"type":"SET_VOLUME","requestId":21,"volume":{"level":0.2000}}
[22:56:19.670] SendCastMessage:238 [0056ED40]: Cast sending: {"type":"SET_VOLUME","requestId":22,"volume":{"muted":false}}
[22:56:19.670] process:528 [004AA610] audg
[22:56:19.670] process_audg:436 [004AA610] (old) audg gainL: 12 gainR: 12
[22:56:19.670] sq_callback:354 Volume 20
[22:56:19.670] SendCastMessage:238 [0056ED40]: Cast sending: {"type":"SET_VOLUME","requestId":23,"volume":{"level":0.2000}}
[22:56:19.670] SendCastMessage:238 [0056ED40]: Cast sending: {"type":"SET_VOLUME","requestId":24,"volume":{"muted":false}}
[22:56:19.732] CastSocketThread:716 [00493AE4]: type:RECEIVER_STATUS (id:22)
[22:56:19.733] CastSocketThread:716 [00493AE4]: type:RECEIVER_STATUS (id:23)
[22:56:19.733] CastSocketThread:716 [00493AE4]: type:RECEIVER_STATUS (id:24)
[22:56:19.770] CastSocketThread:716 [00493AE4]: type:RECEIVER_STATUS (id:21)
[22:56:19.770] CastSocketThread:713 [00493AE4]: type:MEDIA_STATUS (id:20) PAUSED
[22:56:19.770] ProcessQueue:576 [00493AE4]: Processing PLAY (id:25)
[22:56:19.771] SendCastMessage:238 [0056ED40]: Cast sending: {"type":"PLAY","requestId":25,"mediaSessionId":2}
[22:56:19.967] CastSocketThread:713 [00493AE4]: type:MEDIA_STATUS (id:25) BUFFERING
[22:56:19.967] SyncNotifState:425 [00493AE4]: Cast playing
[22:56:19.967] sq_notify:1033 [004AA610] playing notif
[22:56:19.967] sendSTAT:143 [004AA610]: STAT:[STMs] msplayed 0
[22:56:19.967] sendSTAT:145 [004AA610] STAT: STMs
[22:56:19.967] sendSTAT:145 [004AA610] STAT: STMt
[22:56:19.967] sendSTAT:143 [004AA610]: STAT:[STMd] msplayed 0
[22:56:19.967] sendSTAT:145 [004AA610] STAT: STMd
[22:56:19.967] sq_read:942 [004AA610]: read 1048576 (a:1048576 r:1048576 w:1200)
[22:56:19.982] process:528 [004AA610] strm
[22:56:19.982] process_strm:216 [004AA610] strm command s
[22:56:19.982] process_strm:290 [004AA610], strm s autostart: 1 transition period: 10 transition type: 0 codec: p
[22:56:19.982] sendSTAT:143 [004AA610]: STAT:[STMf] msplayed 0
[22:56:19.982] sendSTAT:145 [004AA610] STAT: STMf
[22:56:19.983] sq_callback:259 [00493AE4]: codec:p, ch:2, s:16, r:44100
[22:56:20.033] sq_get_metadata:583 [004AA610]: idx 7
	artist:Bénabar
	album:Inspiré De Faits Réels
	title:La forêt
	genre:Variété française
	duration:281.293
	size:0
	cover:http://192.168.2.10:9000/music/aed13201/cover.jpg
[22:56:20.033] sq_callback:288 [00493AE4]: next URI set http://192.168.2.10:49152/LMS2CAST/cc-cc-09-f3-3a-d0-idx-0.wav
[22:56:20.033] sendSTAT:143 [004AA610]: STAT:[STMc] msplayed 0
[22:56:20.033] sendSTAT:145 [004AA610] STAT: STMc
[22:56:20.033] process:528 [004AA610] audg
[22:56:20.033] process_audg:436 [004AA610] (old) audg gainL: 12 gainR: 12
[22:56:20.033] sq_callback:354 Volume 20
[22:56:20.033] SendCastMessage:238 [0056ED40]: Cast sending: {"type":"SET_VOLUME","requestId":26,"volume":{"level":0.2000}}
[22:56:20.033] SendCastMessage:238 [0056ED40]: Cast sending: {"type":"SET_VOLUME","requestId":27,"volume":{"muted":false}}
[22:56:20.059] sendRESP:174 RESP
[22:56:20.967] SendCastMessage:238 [0056ED40]: Cast sending: {"type":"GET_STATUS","requestId":28,"mediaSessionId":2}
[22:56:21.009] CastSocketThread:713 [00493AE4]: type:MEDIA_STATUS (id:0) PLAYING
[22:56:21.022] sendSTAT:145 [004AA610] STAT: STMt
[22:56:21.022] process:528 [004AA610] strm
[22:56:21.022] process_strm:219 [004AA610] strm command q
[22:56:21.032] SendCastMessage:238 [0056ED40]: Cast sending: {"type":"STOP","requestId":29,"mediaSessionId":2}
[22:56:21.038] process:528 [004AA610] audg
[22:56:21.038] process_audg:436 [004AA610] (old) audg gainL: 12 gainR: 12
[22:56:21.038] sq_callback:354 Volume 20
[22:56:21.040] process:528 [004AA610] strm
[22:56:21.040] process_strm:216 [004AA610] strm command s
[22:56:21.040] process_strm:290 [004AA610], strm s autostart: 1 transition period: 10 transition type: 0 codec: p
[22:56:21.040] sendSTAT:143 [004AA610]: STAT:[STMf] msplayed 0
[22:56:21.040] sendSTAT:145 [004AA610] STAT: STMf
[22:56:21.040] process_strm:317 [004AA610]: file mutex was locked
[22:56:21.041] sq_callback:259 [00493AE4]: codec:p, ch:2, s:16, r:44100
[22:56:21.044] CastSocketThread:713 [00493AE4]: type:MEDIA_STATUS (id:28) PLAYING
[22:56:21.091] sq_get_metadata:583 [004AA610]: idx 7
	artist:Bénabar
	album:Inspiré De Faits Réels
	title:La forêt
	genre:Variété française
	duration:281.293
	size:0
	cover:http://192.168.2.10:9000/music/aed13201/cover.jpg
[22:56:21.091] CastLoad:148 [00493AE4]: Queuing LOAD
[22:56:21.091] sq_callback:302 [00493AE4]: current URI set http://192.168.2.10:49152/LMS2CAST/cc-cc-09-f3-3a-d0-idx-1.wav
[22:56:21.091] sendSTAT:143 [004AA610]: STAT:[STMc] msplayed 0
[22:56:21.091] sendSTAT:145 [004AA610] STAT: STMc
[22:56:21.091] process:528 [004AA610] audg
[22:56:21.091] process_audg:436 [004AA610] (old) audg gainL: 12 gainR: 12
[22:56:21.091] sq_callback:354 Volume 20
[22:56:21.160] sendRESP:174 RESP
[22:56:21.174] SendCastMessage:238 [0056ED40]: Cast sending: {"type":"SET_VOLUME","requestId":30,"volume":{"level":0.2000}}
[22:56:21.174] SendCastMessage:238 [0056ED40]: Cast sending: {"type":"SET_VOLUME","requestId":31,"volume":{"muted":false}}
[22:56:21.174] CastSimple:180 [00493AE4]: Queuing PLAY
[22:56:21.285] CastSocketThread:716 [00493AE4]: type:RECEIVER_STATUS (id:26)
[22:56:21.285] CastSocketThread:716 [00493AE4]: type:RECEIVER_STATUS (id:27)
[22:56:21.922] CastSocketThread:716 [00493AE4]: type:RECEIVER_STATUS (id:0)
[22:56:21.940] CastSocketThread:713 [00493AE4]: type:MEDIA_STATUS (id:29) IDLE
[22:56:21.940] ProcessQueue:595 [00493AE4]: Processing LOAD (id:32)
[22:56:21.940] SendCastMessage:238 [0056ED40]: Cast sending: {
 "type": "LOAD",
 "requestId": 32,
 "media": {
  "contentId": "http://192.168.2.10:49152/LMS2CAST/cc-cc-09-f3-3a-d0-idx-1.wav",
  "contentType": "audio/wav",
  "streamType": "BUFFERED",
  "metadata": {
   "metadataType": 3,
   "albumArtist": "Bénabar",
   "albumName": "Inspiré De Faits Réels",
   "title": "La forêt",
   "images": [
    {
     "url": "http://192.168.2.10:9000/music/aed13201/cover.jpg"
    }
   ],
   "artist": "Bénabar",
   "trackNumber": 7
  }
 },
 "currentTime": 0.0,
 "sessionId": "879abc05-c1b3-4022-8cc5-8ca69e2223b8",
 "autoplay": false
}
[22:56:21.940] SyncNotifState:395 [00493AE4]: Cast stop
[22:56:21.940] sq_notify:1058 [004AA610] notify STOP
[22:56:22.230] CastSocketThread:713 [00493AE4]: type:MEDIA_STATUS (id:0) IDLE
[22:56:22.252] sq_get_info:691 [004AA610]: GetInfo /LMS2CAST/cc-cc-09-f3-3a-d0-idx-1.wav -2 audio/wav
[22:56:22.297] CastSocketThread:716 [00493AE4]: type:RECEIVER_STATUS (id:30)
[22:56:22.298] CastSocketThread:716 [00493AE4]: type:RECEIVER_STATUS (id:31)
[22:56:22.740] CastSocketThread:716 [00493AE4]: type:RECEIVER_STATUS (id:0)
[23:01:22.835] CastSocketThread:716 [00493AE4]: type:RECEIVER_STATUS (id:0)
[23:01:22.838] CastSocketThread:716 [00493AE4]: type:CLOSE (id:0)
[23:01:22.838] ProcessQueue:583 [00493AE4]: PLAY un-queued but no media session
[23:01:22.838] sq_notify:1052 [004AA610] forced STOP
[00:35:40.491] CastPingThread:653 [023FF200]: No response to ping
[00:35:40.491] read_bytes:184 [s-0056ED40]: SSL error code 5 (err:0)
[00:35:40.491] CastSocketThread:695 [023FF200]: SSL connection closed
